<?xml version="1.0" encoding="UTF-8"?>
<!-- Generated by org.testng.reporters.JUnitReportReporter -->
<testsuite hostname="DESKTOP-TEBPBBT" failures="0" tests="1" name="com.regression.SignInTest" time="6.411" errors="0" timestamp="2024-10-13T19:44:41 BST" skipped="0">
  <testcase classname="com.regression.SignInTest" name="SignInToLogin" time="6.411"/>
</testsuite> <!-- com.regression.SignInTest -->
